Unity Editor version:    2022.1.0b10 (ae8cd2bb2a22)
Branch:                  2022.1/staging
Build type:              Release
Batch mode:              YES
macOS version:           Version 11.6.4 (Build 20G417)
Darwin version:          20.6.0
Architecture:            x86_64
Running under Rosetta:   NO
Available memory:        16384 MB
Using pre-set license
Pro License: YES

COMMAND LINE ARGUMENTS:
/Applications/Unity/Hub/Editor/2022.1.0b10/Unity.app/Contents/MacOS/Unity
-adb2
-batchMode
-noUpm
-name
AssetImportWorker0
-projectPath
/Users/jerriahonen/simplicius
-logFile
Logs/AssetImportWorker0.log
-srvPort
64305
Successfully changed project path to: /Users/jerriahonen/simplicius
/Users/jerriahonen/simplicius
[UnityMemory] Configuration Parameters - Can be set up in boot.config
    "memorysetup-bucket-allocator-granularity=16"
    "memorysetup-bucket-allocator-bucket-count=8"
    "memorysetup-bucket-allocator-block-size=33554432"
    "memorysetup-bucket-allocator-block-count=8"
    "memorysetup-main-allocator-block-size=16777216"
    "memorysetup-thread-allocator-block-size=16777216"
    "memorysetup-gfx-main-allocator-block-size=16777216"
    "memorysetup-gfx-thread-allocator-block-size=16777216"
    "memorysetup-cache-allocator-block-size=4194304"
    "memorysetup-typetree-allocator-block-size=2097152"
    "memorysetup-profiler-bucket-allocator-granularity=16"
    "memorysetup-profiler-bucket-allocator-bucket-count=8"
    "memorysetup-profiler-bucket-allocator-block-size=33554432"
    "memorysetup-profiler-bucket-allocator-block-count=8"
    "memorysetup-profiler-allocator-block-size=16777216"
    "memorysetup-profiler-editor-allocator-block-size=1048576"
    "memorysetup-temp-allocator-size-main=16777216"
    "memorysetup-job-temp-allocator-block-size=2097152"
    "memorysetup-job-temp-allocator-block-size-background=1048576"
    "memorysetup-job-temp-allocator-reduction-small-platforms=262144"
    "memorysetup-temp-allocator-size-background-worker=32768"
    "memorysetup-temp-allocator-size-job-worker=262144"
    "memorysetup-temp-allocator-size-preload-manager=33554432"
    "memorysetup-temp-allocator-size-nav-mesh-worker=65536"
    "memorysetup-temp-allocator-size-audio-worker=65536"
    "memorysetup-temp-allocator-size-cloud-worker=32768"
    "memorysetup-temp-allocator-size-gi-baking-worker=262144"
    "memorysetup-temp-allocator-size-gfx=262144"
Refreshing native plugins compatible for Editor in 100.32 ms, found 0 plugins.
Preloading 0 native plugins for Editor in 0.00 ms.
Initialize engine version: 2022.1.0b10 (ae8cd2bb2a22)
[Subsystems] Discovering subsystems at path /Applications/Unity/Hub/Editor/2022.1.0b10/Unity.app/Contents/Resources/UnitySubsystems
[Subsystems] Discovering subsystems at path /Users/jerriahonen/simplicius/Assets
GfxDevice: creating device client; threaded=0; jobified=0
Color LCD preferred device: Intel(R) UHD Graphics 630 (low power)
Metal devices available: 2
0: AMD Radeon Pro 5300M (high power)
1: Intel(R) UHD Graphics 630 (low power)
Using device AMD Radeon Pro 5300M (high power)
Initializing Metal device caps: AMD Radeon Pro 5300M
Initialize mono
Mono path[0] = '/Applications/Unity/Hub/Editor/2022.1.0b10/Unity.app/Contents/Managed'
Mono path[1] = '/Applications/Unity/Hub/Editor/2022.1.0b10/Unity.app/Contents/MonoBleedingEdge/lib/mono/unityjit-macos'
Mono config path = '/Applications/Unity/Hub/Editor/2022.1.0b10/Unity.app/Contents/MonoBleedingEdge/etc'
Using monoOptions --debugger-agent=transport=dt_socket,embedding=1,server=y,suspend=n,address=127.0.0.1:56936
Begin MonoManager ReloadAssembly
Registering precompiled unity dll's ...
Register platform support module: /Applications/Unity/Hub/Editor/2022.1.0b10/Unity.app/Contents/PlaybackEngines/MacStandaloneSupport/UnityEditor.OSXStandalone.Extensions.dll
Registered in 0.002854 seconds.
Native extension for OSXStandalone target not found
Refreshing native plugins compatible for Editor in 80.05 ms, found 0 plugins.
Preloading 0 native plugins for Editor in 0.00 ms.
Mono: successfully reloaded assembly
- Completed reload, in  1.185 seconds
Domain Reload Profiling:
	ReloadAssembly (1185ms)
		BeginReloadAssembly (245ms)
			ExecutionOrderSort (0ms)
			DisableScriptedObjects (0ms)
			BackupInstance (0ms)
			ReleaseScriptingObjects (0ms)
			CreateAndSetChildDomain (1ms)
		EndReloadAssembly (724ms)
			LoadAssemblies (244ms)
			RebuildTransferFunctionScriptingTraits (0ms)
			SetupTypeCache (247ms)
				TypeCache.Initialize (246ms)
					TypeCache.ScanAssembly (244ms)
				ResolveRequiredComponents (1ms)
			ReleaseScriptCaches (0ms)
			RebuildScriptCaches (49ms)
			SetupLoadedEditorAssemblies (344ms)
				LogAssemblyErrors (0ms)
				InitializePlatformSupportModulesInManaged (9ms)
				SetLoadedEditorAssemblies (10ms)
				RefreshPlugins (80ms)
				BeforeProcessingInitializeOnLoad (2ms)
				ProcessInitializeOnLoadAttributes (190ms)
				ProcessInitializeOnLoadMethodAttributes (54ms)
				AfterProcessingInitializeOnLoad (0ms)
				EditorAssembliesLoaded (0ms)
			ExecutionOrderSort2 (0ms)
			AwakeInstancesAfterBackupRestoration (0ms)
Platform modules already initialized, skipping
Registering precompiled user dll's ...
Registered in 0.001127 seconds.
Begin MonoManager ReloadAssembly
Native extension for OSXStandalone target not found
Refreshing native plugins compatible for Editor in 65.89 ms, found 0 plugins.
Preloading 0 native plugins for Editor in 0.00 ms.
Mono: successfully reloaded assembly
- Completed reload, in  4.701 seconds
Domain Reload Profiling:
	ReloadAssembly (4702ms)
		BeginReloadAssembly (133ms)
			ExecutionOrderSort (0ms)
			DisableScriptedObjects (7ms)
			BackupInstance (0ms)
			ReleaseScriptingObjects (0ms)
			CreateAndSetChildDomain (36ms)
		EndReloadAssembly (4424ms)
			LoadAssemblies (73ms)
			RebuildTransferFunctionScriptingTraits (0ms)
			SetupTypeCache (301ms)
				TypeCache.Initialize (284ms)
					TypeCache.ScanAssembly (282ms)
				ResolveRequiredComponents (16ms)
			ReleaseScriptCaches (1ms)
			RebuildScriptCaches (113ms)
			SetupLoadedEditorAssemblies (3868ms)
				LogAssemblyErrors (0ms)
				InitializePlatformSupportModulesInManaged (4ms)
				SetLoadedEditorAssemblies (6ms)
				RefreshPlugins (66ms)
				BeforeProcessingInitializeOnLoad (94ms)
				ProcessInitializeOnLoadAttributes (3576ms)
				ProcessInitializeOnLoadMethodAttributes (120ms)
				AfterProcessingInitializeOnLoad (2ms)
				EditorAssembliesLoaded (0ms)
			ExecutionOrderSort2 (0ms)
			AwakeInstancesAfterBackupRestoration (5ms)
Platform modules already initialized, skipping
========================================================================
Worker process is ready to serve import requests
Launching external process: /Applications/Unity/Hub/Editor/2022.1.0b10/Unity.app/Contents/Tools/UnityShaderCompiler
Launched and connected shader compiler UnityShaderCompiler after 0.03 seconds
Refreshing native plugins compatible for Editor in 0.75 ms, found 0 plugins.
Preloading 0 native plugins for Editor in 0.00 ms.
Unloading 4427 Unused Serialized files (Serialized files now loaded: 0)
Unloading 37 unused Assets / (1.3 MB). Loaded Objects now: 4900.
Memory consumption went from 0.84 GB to 0.84 GB.
Total: 4.457746 ms (FindLiveObjects: 0.414012 ms CreateObjectMapping: 0.510525 ms MarkObjects: 3.186979 ms  DeleteObjects: 0.344973 ms)

AssetImportParameters requested are different than current active one (requested -> active):
  custom:video-decoder-ogg-theora: a1e56fd34408186e4bbccfd4996cb3dc -> 
  custom:container-muxer-webm: aa71ff27fc2769a1b78a27578f13a17b -> 
  custom:container-demuxer-webm: 4f35f7cbe854078d1ac9338744f61a02 -> 
  custom:video-encoder-webm-vp8: eb34c28f22e8b96e1ab97ce403110664 -> 
  custom:framework-osx-AVFoundation: e770b220cccbd017edd2c1fefb359320 -> 
  custom:audio-encoder-webm-vorbis: bf7c407c2cedff20999df2af8eb42d56 -> 
  custom:container-demuxer-ogg: 62fdf1f143b41e24485cea50d1cbac27 -> 
  custom:video-decoder-webm-vp8: 9c59270c3fd7afecdb556c50c9e8de78 -> 
  custom:audio-decoder-ogg-vorbis: bf7c407c2cedff20999df2af8eb42d56 -> 
========================================================================
Received Prepare
Registering precompiled user dll's ...
Registered in 0.001207 seconds.
Begin MonoManager ReloadAssembly
Native extension for OSXStandalone target not found
Refreshing native plugins compatible for Editor in 0.85 ms, found 0 plugins.
Preloading 0 native plugins for Editor in 0.00 ms.
Mono: successfully reloaded assembly
- Completed reload, in  1.653 seconds
Domain Reload Profiling:
	ReloadAssembly (1654ms)
		BeginReloadAssembly (209ms)
			ExecutionOrderSort (0ms)
			DisableScriptedObjects (7ms)
			BackupInstance (0ms)
			ReleaseScriptingObjects (0ms)
			CreateAndSetChildDomain (107ms)
		EndReloadAssembly (1326ms)
			LoadAssemblies (78ms)
			RebuildTransferFunctionScriptingTraits (0ms)
			SetupTypeCache (320ms)
				TypeCache.Initialize (303ms)
					TypeCache.ScanAssembly (298ms)
				ResolveRequiredComponents (17ms)
			ReleaseScriptCaches (2ms)
			RebuildScriptCaches (96ms)
			SetupLoadedEditorAssemblies (718ms)
				LogAssemblyErrors (0ms)
				InitializePlatformSupportModulesInManaged (12ms)
				SetLoadedEditorAssemblies (10ms)
				RefreshPlugins (1ms)
				BeforeProcessingInitializeOnLoad (87ms)
				ProcessInitializeOnLoadAttributes (498ms)
				ProcessInitializeOnLoadMethodAttributes (108ms)
				AfterProcessingInitializeOnLoad (2ms)
				EditorAssembliesLoaded (0ms)
			ExecutionOrderSort2 (0ms)
			AwakeInstancesAfterBackupRestoration (21ms)
Platform modules already initialized, skipping
Refreshing native plugins compatible for Editor in 0.87 ms, found 0 plugins.
Preloading 0 native plugins for Editor in 0.00 ms.
Unloading 4260 Unused Serialized files (Serialized files now loaded: 0)
Unloading 16 unused Assets / (1.2 MB). Loaded Objects now: 4917.
Memory consumption went from 0.81 GB to 0.81 GB.
Total: 4.754372 ms (FindLiveObjects: 0.354060 ms CreateObjectMapping: 0.341289 ms MarkObjects: 3.762635 ms  DeleteObjects: 0.295451 ms)

AssetImportParameters requested are different than current active one (requested -> active):
  custom:video-decoder-ogg-theora: a1e56fd34408186e4bbccfd4996cb3dc -> 
  custom:container-muxer-webm: aa71ff27fc2769a1b78a27578f13a17b -> 
  custom:container-demuxer-webm: 4f35f7cbe854078d1ac9338744f61a02 -> 
  custom:video-encoder-webm-vp8: eb34c28f22e8b96e1ab97ce403110664 -> 
  custom:framework-osx-AVFoundation: e770b220cccbd017edd2c1fefb359320 -> 
  custom:audio-encoder-webm-vorbis: bf7c407c2cedff20999df2af8eb42d56 -> 
  custom:container-demuxer-ogg: 62fdf1f143b41e24485cea50d1cbac27 -> 
  custom:video-decoder-webm-vp8: 9c59270c3fd7afecdb556c50c9e8de78 -> 
  custom:audio-decoder-ogg-vorbis: bf7c407c2cedff20999df2af8eb42d56 -> 
========================================================================
Received Import Request.
  Time since last request: 744492.473922 seconds.
  path: Assets/Prefabs/Core/Guns/Weapon_Pistol.prefab
  artifactKey: Guid(b3bbf892beba64aa99b6af7220b6deae) Importer(815301076,1909f56bfc062723c751e8b465ee728b)
Start importing Assets/Prefabs/Core/Guns/Weapon_Pistol.prefab using Guid(b3bbf892beba64aa99b6af7220b6deae) Importer(815301076,1909f56bfc062723c751e8b465ee728b)  -> (artifact id: 'c72021c0aca62e695f207bf2aa1f2657') in 2.014124 seconds 
========================================================================
Received Import Request.
  Time since last request: 16.961508 seconds.
  path: Assets/Prefabs/Core/Guns/Weapon_Pistol.prefab
  artifactKey: Guid(b3bbf892beba64aa99b6af7220b6deae) Importer(815301076,1909f56bfc062723c751e8b465ee728b)
Start importing Assets/Prefabs/Core/Guns/Weapon_Pistol.prefab using Guid(b3bbf892beba64aa99b6af7220b6deae) Importer(815301076,1909f56bfc062723c751e8b465ee728b) Asset 'M4': Transition 'Shoot -> Exit' in state 'Shoot' doesn't have an Exit Time or any condition, transition will be ignored
UnityEngine.StackTraceUtility:ExtractStackTrace () (at /Users/bokken/buildslave/unity/build/Runtime/Export/Scripting/StackTrace.cs:37)
UnityEditor.EditorUtility:Internal_InstantiateRemoveAllNonAnimationComponentsSingle (UnityEngine.Object,UnityEngine.Vector3,UnityEngine.Quaternion)
UnityEditor.EditorUtility:InstantiateRemoveAllNonAnimationComponents (UnityEngine.Object,UnityEngine.Vector3,UnityEngine.Quaternion) (at /Users/bokken/buildslave/unity/build/Editor/Mono/EditorUtility.cs:655)
UnityEditor.EditorUtility:InstantiateForAnimatorPreview (UnityEngine.Object) (at /Users/bokken/buildslave/unity/build/Editor/Mono/EditorUtility.cs:621)
UnityEditor.GameObjectInspector/PreviewData:UpdateGameObject (UnityEngine.Object) (at /Users/bokken/buildslave/unity/build/Editor/Mono/Inspector/GameObjectInspector.cs:110)
UnityEditor.GameObjectInspector/PreviewData:.ctor (UnityEngine.Object,bool) (at /Users/bokken/buildslave/unity/build/Editor/Mono/Inspector/GameObjectInspector.cs:104)
UnityEditor.GameObjectInspector:GetPreviewData (bool) (at /Users/bokken/buildslave/unity/build/Editor/Mono/Inspector/GameObjectInspector.cs:739)
UnityEditor.GameObjectInspector:RenderStaticPreview (string,UnityEngine.Object[],int,int) (at /Users/bokken/buildslave/unity/build/Editor/Mono/Inspector/GameObjectInspector.cs:948)
UnityEditor.AssetPreviewUpdater:CreatePreview (UnityEngine.Object,UnityEngine.Object[],string,int,int) (at /Users/bokken/buildslave/unity/build/Editor/Mono/AssetPreviewUpdater.cs:38)
UnityEditor.AssetPreviewUpdater:CreatePreviewForAsset (UnityEngine.Object,UnityEngine.Object[],string) (at /Users/bokken/buildslave/unity/build/Editor/Mono/AssetPreviewUpdater.cs:9)

[./Editor/Src/Animation/StateMachine.cpp line 1845]

 -> (artifact id: '2bcbdfa72c140018b3b872ac35aaeb31') in 0.048440 seconds 
========================================================================
Received Import Request.
  Time since last request: 7.511084 seconds.
  path: Assets/Prefabs/Core/Guns/Weapon_M4.prefab
  artifactKey: Guid(9cf6863598b02414397a8ae9cbb1cd12) Importer(815301076,1909f56bfc062723c751e8b465ee728b)
Start importing Assets/Prefabs/Core/Guns/Weapon_M4.prefab using Guid(9cf6863598b02414397a8ae9cbb1cd12) Importer(815301076,1909f56bfc062723c751e8b465ee728b) Asset 'M4': Transition 'Shoot -> Exit' in state 'Shoot' doesn't have an Exit Time or any condition, transition will be ignored
UnityEngine.StackTraceUtility:ExtractStackTrace () (at /Users/bokken/buildslave/unity/build/Runtime/Export/Scripting/StackTrace.cs:37)
UnityEditor.EditorUtility:Internal_InstantiateRemoveAllNonAnimationComponentsSingle (UnityEngine.Object,UnityEngine.Vector3,UnityEngine.Quaternion)
UnityEditor.EditorUtility:InstantiateRemoveAllNonAnimationComponents (UnityEngine.Object,UnityEngine.Vector3,UnityEngine.Quaternion) (at /Users/bokken/buildslave/unity/build/Editor/Mono/EditorUtility.cs:655)
UnityEditor.EditorUtility:InstantiateForAnimatorPreview (UnityEngine.Object) (at /Users/bokken/buildslave/unity/build/Editor/Mono/EditorUtility.cs:621)
UnityEditor.GameObjectInspector/PreviewData:UpdateGameObject (UnityEngine.Object) (at /Users/bokken/buildslave/unity/build/Editor/Mono/Inspector/GameObjectInspector.cs:110)
UnityEditor.GameObjectInspector/PreviewData:.ctor (UnityEngine.Object,bool) (at /Users/bokken/buildslave/unity/build/Editor/Mono/Inspector/GameObjectInspector.cs:104)
UnityEditor.GameObjectInspector:GetPreviewData (bool) (at /Users/bokken/buildslave/unity/build/Editor/Mono/Inspector/GameObjectInspector.cs:739)
UnityEditor.GameObjectInspector:RenderStaticPreview (string,UnityEngine.Object[],int,int) (at /Users/bokken/buildslave/unity/build/Editor/Mono/Inspector/GameObjectInspector.cs:948)
UnityEditor.AssetPreviewUpdater:CreatePreview (UnityEngine.Object,UnityEngine.Object[],string,int,int) (at /Users/bokken/buildslave/unity/build/Editor/Mono/AssetPreviewUpdater.cs:38)
UnityEditor.AssetPreviewUpdater:CreatePreviewForAsset (UnityEngine.Object,UnityEngine.Object[],string) (at /Users/bokken/buildslave/unity/build/Editor/Mono/AssetPreviewUpdater.cs:9)

[./Editor/Src/Animation/StateMachine.cpp line 1845]

 -> (artifact id: '38102b87a401ebd5786f86210e2870c6') in 0.038431 seconds 
========================================================================
Received Import Request.
  Time since last request: 4.989267 seconds.
  path: Assets/Prefabs/Core/Guns/Weapon_M4.prefab
  artifactKey: Guid(9cf6863598b02414397a8ae9cbb1cd12) Importer(815301076,1909f56bfc062723c751e8b465ee728b)
Start importing Assets/Prefabs/Core/Guns/Weapon_M4.prefab using Guid(9cf6863598b02414397a8ae9cbb1cd12) Importer(815301076,1909f56bfc062723c751e8b465ee728b) Asset 'M4': Transition 'Shoot -> Exit' in state 'Shoot' doesn't have an Exit Time or any condition, transition will be ignored
UnityEngine.StackTraceUtility:ExtractStackTrace () (at /Users/bokken/buildslave/unity/build/Runtime/Export/Scripting/StackTrace.cs:37)
UnityEditor.EditorUtility:Internal_InstantiateRemoveAllNonAnimationComponentsSingle (UnityEngine.Object,UnityEngine.Vector3,UnityEngine.Quaternion)
UnityEditor.EditorUtility:InstantiateRemoveAllNonAnimationComponents (UnityEngine.Object,UnityEngine.Vector3,UnityEngine.Quaternion) (at /Users/bokken/buildslave/unity/build/Editor/Mono/EditorUtility.cs:655)
UnityEditor.EditorUtility:InstantiateForAnimatorPreview (UnityEngine.Object) (at /Users/bokken/buildslave/unity/build/Editor/Mono/EditorUtility.cs:621)
UnityEditor.GameObjectInspector/PreviewData:UpdateGameObject (UnityEngine.Object) (at /Users/bokken/buildslave/unity/build/Editor/Mono/Inspector/GameObjectInspector.cs:110)
UnityEditor.GameObjectInspector/PreviewData:.ctor (UnityEngine.Object,bool) (at /Users/bokken/buildslave/unity/build/Editor/Mono/Inspector/GameObjectInspector.cs:104)
UnityEditor.GameObjectInspector:GetPreviewData (bool) (at /Users/bokken/buildslave/unity/build/Editor/Mono/Inspector/GameObjectInspector.cs:739)
UnityEditor.GameObjectInspector:RenderStaticPreview (string,UnityEngine.Object[],int,int) (at /Users/bokken/buildslave/unity/build/Editor/Mono/Inspector/GameObjectInspector.cs:948)
UnityEditor.AssetPreviewUpdater:CreatePreview (UnityEngine.Object,UnityEngine.Object[],string,int,int) (at /Users/bokken/buildslave/unity/build/Editor/Mono/AssetPreviewUpdater.cs:38)
UnityEditor.AssetPreviewUpdater:CreatePreviewForAsset (UnityEngine.Object,UnityEngine.Object[],string) (at /Users/bokken/buildslave/unity/build/Editor/Mono/AssetPreviewUpdater.cs:9)

[./Editor/Src/Animation/StateMachine.cpp line 1845]

 -> (artifact id: '8e9a8fe473c37632b202eefbd368ef21') in 0.034851 seconds 
========================================================================
Received Prepare
Registering precompiled user dll's ...
Registered in 0.001403 seconds.
Begin MonoManager ReloadAssembly
Native extension for OSXStandalone target not found
Refreshing native plugins compatible for Editor in 0.76 ms, found 0 plugins.
Preloading 0 native plugins for Editor in 0.00 ms.
Mono: successfully reloaded assembly
- Completed reload, in  1.558 seconds
Domain Reload Profiling:
	ReloadAssembly (1559ms)
		BeginReloadAssembly (223ms)
			ExecutionOrderSort (0ms)
			DisableScriptedObjects (11ms)
			BackupInstance (0ms)
			ReleaseScriptingObjects (0ms)
			CreateAndSetChildDomain (119ms)
		EndReloadAssembly (1220ms)
			LoadAssemblies (80ms)
			RebuildTransferFunctionScriptingTraits (0ms)
			SetupTypeCache (311ms)
				TypeCache.Initialize (294ms)
					TypeCache.ScanAssembly (291ms)
				ResolveRequiredComponents (17ms)
			ReleaseScriptCaches (1ms)
			RebuildScriptCaches (97ms)
			SetupLoadedEditorAssemblies (616ms)
				LogAssemblyErrors (0ms)
				InitializePlatformSupportModulesInManaged (10ms)
				SetLoadedEditorAssemblies (8ms)
				RefreshPlugins (1ms)
				BeforeProcessingInitializeOnLoad (76ms)
				ProcessInitializeOnLoadAttributes (424ms)
				ProcessInitializeOnLoadMethodAttributes (95ms)
				AfterProcessingInitializeOnLoad (2ms)
				EditorAssembliesLoaded (0ms)
			ExecutionOrderSort2 (0ms)
			AwakeInstancesAfterBackupRestoration (24ms)
Platform modules already initialized, skipping
Refreshing native plugins compatible for Editor in 1.11 ms, found 0 plugins.
Preloading 0 native plugins for Editor in 0.00 ms.
Unloading 4260 Unused Serialized files (Serialized files now loaded: 0)
Unloading 16 unused Assets / (1.2 MB). Loaded Objects now: 4987.
Memory consumption went from 0.83 GB to 0.83 GB.
Total: 4.320323 ms (FindLiveObjects: 0.369719 ms CreateObjectMapping: 0.341424 ms MarkObjects: 3.323188 ms  DeleteObjects: 0.285111 ms)

AssetImportParameters requested are different than current active one (requested -> active):
  custom:video-decoder-ogg-theora: a1e56fd34408186e4bbccfd4996cb3dc -> 
  custom:container-muxer-webm: aa71ff27fc2769a1b78a27578f13a17b -> 
  custom:container-demuxer-webm: 4f35f7cbe854078d1ac9338744f61a02 -> 
  custom:video-encoder-webm-vp8: eb34c28f22e8b96e1ab97ce403110664 -> 
  custom:framework-osx-AVFoundation: e770b220cccbd017edd2c1fefb359320 -> 
  custom:audio-encoder-webm-vorbis: bf7c407c2cedff20999df2af8eb42d56 -> 
  custom:container-demuxer-ogg: 62fdf1f143b41e24485cea50d1cbac27 -> 
  custom:video-decoder-webm-vp8: 9c59270c3fd7afecdb556c50c9e8de78 -> 
  custom:audio-decoder-ogg-vorbis: bf7c407c2cedff20999df2af8eb42d56 -> 
========================================================================
Received Import Request.
  Time since last request: 1213.566175 seconds.
  path: Assets/Art/Animations/M4/WeaponMasterAnimationController.controller
  artifactKey: Guid(c6c7fc1d974ce48ebbae632386a75fa9) Importer(815301076,1909f56bfc062723c751e8b465ee728b)
Start importing Assets/Art/Animations/M4/WeaponMasterAnimationController.controller using Guid(c6c7fc1d974ce48ebbae632386a75fa9) Importer(815301076,1909f56bfc062723c751e8b465ee728b)  -> (artifact id: '86dc73c613e7c9be17539469509eef1d') in 1.307185 seconds 
========================================================================
Received Import Request.
  Time since last request: 22.733433 seconds.
  path: Assets/Art/Animations/M4.overrideController
  artifactKey: Guid(a7f9efc6c43d44caea4d61f67f5d8f63) Importer(815301076,1909f56bfc062723c751e8b465ee728b)
Start importing Assets/Art/Animations/M4.overrideController using Guid(a7f9efc6c43d44caea4d61f67f5d8f63) Importer(815301076,1909f56bfc062723c751e8b465ee728b)  -> (artifact id: '12cf1c5f2c555954b5a439829b9ccbf5') in 0.484688 seconds 
========================================================================
Received Import Request.
  Time since last request: 36.680507 seconds.
  path: Assets/Art/Animations/Pistol1
  artifactKey: Guid(13417006bf1a04e648521480e6624a51) Importer(815301076,1909f56bfc062723c751e8b465ee728b)
Start importing Assets/Art/Animations/Pistol1 using Guid(13417006bf1a04e648521480e6624a51) Importer(815301076,1909f56bfc062723c751e8b465ee728b)  -> (artifact id: '340aef787265467d72853d2c38f8037b') in 0.002322 seconds 
========================================================================
Received Import Request.
  Time since last request: 9.944522 seconds.
  path: Assets/Art/Animations/Pistol1.overrideController
  artifactKey: Guid(68caba2aea5674634a8c58d76f7e0551) Importer(815301076,1909f56bfc062723c751e8b465ee728b)
Start importing Assets/Art/Animations/Pistol1.overrideController using Guid(68caba2aea5674634a8c58d76f7e0551) Importer(815301076,1909f56bfc062723c751e8b465ee728b)  -> (artifact id: '2c01c60508293b0f9383a1b991fd8baa') in 0.001860 seconds 
========================================================================
Received Import Request.
  Time since last request: 671.626672 seconds.
  path: Assets/Art/Animations/Pistol1/Pistol1.overrideController
  artifactKey: Guid(68caba2aea5674634a8c58d76f7e0551) Importer(815301076,1909f56bfc062723c751e8b465ee728b)
Start importing Assets/Art/Animations/Pistol1/Pistol1.overrideController using Guid(68caba2aea5674634a8c58d76f7e0551) Importer(815301076,1909f56bfc062723c751e8b465ee728b) Asset 'WeaponMasterAnimationController': Transition 'Shoot -> Exit' in state 'Shoot' doesn't have an Exit Time or any condition, transition will be ignored
 -> (artifact id: '5362394a76aeca312e5a7e27ffe6c413') in 0.007284 seconds 
========================================================================
Received Import Request.
  Time since last request: 8.120036 seconds.
  path: Assets/Art/Animations/WeaponMasterAnimationController.controller
  artifactKey: Guid(c6c7fc1d974ce48ebbae632386a75fa9) Importer(815301076,1909f56bfc062723c751e8b465ee728b)
Start importing Assets/Art/Animations/WeaponMasterAnimationController.controller using Guid(c6c7fc1d974ce48ebbae632386a75fa9) Importer(815301076,1909f56bfc062723c751e8b465ee728b)  -> (artifact id: '4176ae67a6a78e7b578629fe5276cc9f') in 0.004389 seconds 
========================================================================
Received Import Request.
  Time since last request: 11.105167 seconds.
  path: Assets/Art/Animations/Pistol1/Pistol1-Aim.anim
  artifactKey: Guid(eb3f2446feb844462984aa14701e6a4f) Importer(815301076,1909f56bfc062723c751e8b465ee728b)
Start importing Assets/Art/Animations/Pistol1/Pistol1-Aim.anim using Guid(eb3f2446feb844462984aa14701e6a4f) Importer(815301076,1909f56bfc062723c751e8b465ee728b)  -> (artifact id: '10aab60caaa41dda3aa8d631e24218a1') in 0.228082 seconds 
========================================================================
Received Import Request.
  Time since last request: 1.258404 seconds.
  path: Assets/Art/Animations/Pistol1/Pistol1-Shoot.anim
  artifactKey: Guid(1bf7c12c3fb04464ab2942364fa525ad) Importer(815301076,1909f56bfc062723c751e8b465ee728b)
Start importing Assets/Art/Animations/Pistol1/Pistol1-Shoot.anim using Guid(1bf7c12c3fb04464ab2942364fa525ad) Importer(815301076,1909f56bfc062723c751e8b465ee728b)  -> (artifact id: '270be8c5174a31b1b2ba66dfb65bbb85') in 0.003863 seconds 
========================================================================
Received Import Request.
  Time since last request: 24.611359 seconds.
  path: Assets/Art/Animations/Weapons
  artifactKey: Guid(a226f049c09604667a9d297bff4c9a07) Importer(815301076,1909f56bfc062723c751e8b465ee728b)
Start importing Assets/Art/Animations/Weapons using Guid(a226f049c09604667a9d297bff4c9a07) Importer(815301076,1909f56bfc062723c751e8b465ee728b)  -> (artifact id: '56c2f3532bf07e50fd6dd89f66e7513d') in 0.002790 seconds 
========================================================================
Received Import Request.
  Time since last request: 7.978545 seconds.
  path: Assets/Art/Animations/Weapons/M4
  artifactKey: Guid(683fc0962091f40a79a10407823cc1b6) Importer(815301076,1909f56bfc062723c751e8b465ee728b)
Start importing Assets/Art/Animations/Weapons/M4 using Guid(683fc0962091f40a79a10407823cc1b6) Importer(815301076,1909f56bfc062723c751e8b465ee728b)  -> (artifact id: '4b707363fdaeb372271291d9c2268a4f') in 0.001238 seconds 
========================================================================
Received Import Request.
  Time since last request: 11.931696 seconds.
  path: Assets/Art/Animations/Weapons/Aim (Empty).anim
  artifactKey: Guid(fc830279a11354d679da2143cb3468b5) Importer(815301076,1909f56bfc062723c751e8b465ee728b)
Start importing Assets/Art/Animations/Weapons/Aim (Empty).anim using Guid(fc830279a11354d679da2143cb3468b5) Importer(815301076,1909f56bfc062723c751e8b465ee728b)  -> (artifact id: '164a3ff53240d62500ccfb816be03215') in 0.004051 seconds 
========================================================================
Received Import Request.
  Time since last request: 18.188422 seconds.
  path: Assets/Art/Animations/Weapons/Shoot (Empty).anim
  artifactKey: Guid(7132fb1eb25c54b1ca8d52c888c443e6) Importer(815301076,1909f56bfc062723c751e8b465ee728b)
Start importing Assets/Art/Animations/Weapons/Shoot (Empty).anim using Guid(7132fb1eb25c54b1ca8d52c888c443e6) Importer(815301076,1909f56bfc062723c751e8b465ee728b)  -> (artifact id: '2e0f35ffa217a6fc64d9329a8b936fef') in 0.002917 seconds 
========================================================================
Received Import Request.
  Time since last request: 14.696484 seconds.
  path: Assets/Art/Animations/Weapons/WeaponMaster-Aim (Empty).anim
  artifactKey: Guid(fc830279a11354d679da2143cb3468b5) Importer(815301076,1909f56bfc062723c751e8b465ee728b)
Start importing Assets/Art/Animations/Weapons/WeaponMaster-Aim (Empty).anim using Guid(fc830279a11354d679da2143cb3468b5) Importer(815301076,1909f56bfc062723c751e8b465ee728b)  -> (artifact id: '0cc37125390645b03dc4015f310bb2be') in 0.002709 seconds 
========================================================================
Received Import Request.
  Time since last request: 7.119786 seconds.
  path: Assets/Art/Animations/Weapons/WeaponMaster-Shoot (Empty).anim
  artifactKey: Guid(7132fb1eb25c54b1ca8d52c888c443e6) Importer(815301076,1909f56bfc062723c751e8b465ee728b)
Start importing Assets/Art/Animations/Weapons/WeaponMaster-Shoot (Empty).anim using Guid(7132fb1eb25c54b1ca8d52c888c443e6) Importer(815301076,1909f56bfc062723c751e8b465ee728b)  -> (artifact id: 'f99b3f9ee52f4791c86528b2254101e1') in 0.004429 seconds 
========================================================================
Received Import Request.
  Time since last request: 1.837899 seconds.
  path: Assets/Art/Animations/Weapons/WeaponMaster-Shoot (Empty) 1.anim
  artifactKey: Guid(a645aacd8ef6b475abf116f2d2632355) Importer(815301076,1909f56bfc062723c751e8b465ee728b)
Start importing Assets/Art/Animations/Weapons/WeaponMaster-Shoot (Empty) 1.anim using Guid(a645aacd8ef6b475abf116f2d2632355) Importer(815301076,1909f56bfc062723c751e8b465ee728b)  -> (artifact id: '123de2fd7a5c2c403900ad31bd7992cb') in 0.002367 seconds 
========================================================================
Received Import Request.
  Time since last request: 11.079277 seconds.
  path: Assets/Art/Animations/Weapons/WeaponMaster-Show (Empty).anim
  artifactKey: Guid(a645aacd8ef6b475abf116f2d2632355) Importer(815301076,1909f56bfc062723c751e8b465ee728b)
Start importing Assets/Art/Animations/Weapons/WeaponMaster-Show (Empty).anim using Guid(a645aacd8ef6b475abf116f2d2632355) Importer(815301076,1909f56bfc062723c751e8b465ee728b)  -> (artifact id: 'c1a4e5b9bdf9c514994d072f26281e44') in 0.004213 seconds 
========================================================================
Received Import Request.
  Time since last request: 1.192313 seconds.
  path: Assets/Art/Animations/Weapons/WeaponMaster-Show (Empty) 1.anim
  artifactKey: Guid(db6ce34217a644c16999d647ca50d1a5) Importer(815301076,1909f56bfc062723c751e8b465ee728b)
Start importing Assets/Art/Animations/Weapons/WeaponMaster-Show (Empty) 1.anim using Guid(db6ce34217a644c16999d647ca50d1a5) Importer(815301076,1909f56bfc062723c751e8b465ee728b)  -> (artifact id: '5cefeca8aee7888b99b471450b932d50') in 0.002907 seconds 
========================================================================
Received Import Request.
  Time since last request: 4.600131 seconds.
  path: Assets/Art/Animations/Weapons/WeaponMaster-Hide (Empty).anim
  artifactKey: Guid(db6ce34217a644c16999d647ca50d1a5) Importer(815301076,1909f56bfc062723c751e8b465ee728b)
Start importing Assets/Art/Animations/Weapons/WeaponMaster-Hide (Empty).anim using Guid(db6ce34217a644c16999d647ca50d1a5) Importer(815301076,1909f56bfc062723c751e8b465ee728b)  -> (artifact id: 'e77a0e1d78ba136f9ab345225c8c5715') in 0.002864 seconds 
========================================================================
Received Import Request.
  Time since last request: 182.473304 seconds.
  path: Assets/Art/Animations/Weapons/WeaponMasterAnimationController.controller
  artifactKey: Guid(c6c7fc1d974ce48ebbae632386a75fa9) Importer(815301076,1909f56bfc062723c751e8b465ee728b)
Start importing Assets/Art/Animations/Weapons/WeaponMasterAnimationController.controller using Guid(c6c7fc1d974ce48ebbae632386a75fa9) Importer(815301076,1909f56bfc062723c751e8b465ee728b)  -> (artifact id: 'cd1cff8fc81e9f097ff274ef126fba91') in 0.002915 seconds 
========================================================================
Received Import Request.
  Time since last request: 101.133893 seconds.
  path: Assets/Art/Animations/Weapons/Pistol1/Pistol1.overrideController
  artifactKey: Guid(68caba2aea5674634a8c58d76f7e0551) Importer(815301076,1909f56bfc062723c751e8b465ee728b)
Start importing Assets/Art/Animations/Weapons/Pistol1/Pistol1.overrideController using Guid(68caba2aea5674634a8c58d76f7e0551) Importer(815301076,1909f56bfc062723c751e8b465ee728b) Asset 'WeaponMasterAnimationController': Transition 'Shoot -> Exit' in state 'Shoot' doesn't have an Exit Time or any condition, transition will be ignored
 -> (artifact id: '175b1e82bab64bd1674a383aada3b274') in 0.004858 seconds 
========================================================================
Received Import Request.
  Time since last request: 35.636343 seconds.
  path: Assets/Art/Animations/Weapons/M4/M4.overrideController
  artifactKey: Guid(a7f9efc6c43d44caea4d61f67f5d8f63) Importer(815301076,1909f56bfc062723c751e8b465ee728b)
Start importing Assets/Art/Animations/Weapons/M4/M4.overrideController using Guid(a7f9efc6c43d44caea4d61f67f5d8f63) Importer(815301076,1909f56bfc062723c751e8b465ee728b) Asset 'WeaponMasterAnimationController': Transition 'Shoot -> Exit' in state 'Shoot' doesn't have an Exit Time or any condition, transition will be ignored
 -> (artifact id: 'ef0d2619777cf8104c7c0f5206c62293') in 0.004577 seconds 
========================================================================
Received Import Request.
  Time since last request: 13.734253 seconds.
  path: Assets/Art/Animations/Weapons/M4/M4.overrideController
  artifactKey: Guid(a7f9efc6c43d44caea4d61f67f5d8f63) Importer(815301076,1909f56bfc062723c751e8b465ee728b)
Start importing Assets/Art/Animations/Weapons/M4/M4.overrideController using Guid(a7f9efc6c43d44caea4d61f67f5d8f63) Importer(815301076,1909f56bfc062723c751e8b465ee728b) Asset 'WeaponMasterAnimationController': Transition 'Shoot -> Exit' in state 'Shoot' doesn't have an Exit Time or any condition, transition will be ignored
 -> (artifact id: '868df01b7db9281eca651923f5ec9c38') in 0.005528 seconds 
========================================================================
Received Import Request.
  Time since last request: 24.518304 seconds.
  path: Assets/Art/Animations/Weapons/M4/M4-Shoot 1.anim
  artifactKey: Guid(c357f2c9fee6b4cc2bf1d7e2ef9657b2) Importer(815301076,1909f56bfc062723c751e8b465ee728b)
Start importing Assets/Art/Animations/Weapons/M4/M4-Shoot 1.anim using Guid(c357f2c9fee6b4cc2bf1d7e2ef9657b2) Importer(815301076,1909f56bfc062723c751e8b465ee728b)  -> (artifact id: 'd819bb4275277b174b2ea1bff8578f31') in 0.003878 seconds 
========================================================================
Received Import Request.
  Time since last request: 6.467495 seconds.
  path: Assets/Art/Animations/Weapons/M4/M4-Hide.anim
  artifactKey: Guid(c357f2c9fee6b4cc2bf1d7e2ef9657b2) Importer(815301076,1909f56bfc062723c751e8b465ee728b)
Start importing Assets/Art/Animations/Weapons/M4/M4-Hide.anim using Guid(c357f2c9fee6b4cc2bf1d7e2ef9657b2) Importer(815301076,1909f56bfc062723c751e8b465ee728b)  -> (artifact id: 'c8feb82705d616048eb5bba76631ef60') in 0.003817 seconds 
========================================================================
Received Import Request.
  Time since last request: 472.668651 seconds.
  path: Assets/Art/Animations/Weapons/WeaponMasterAnimationController.controller
  artifactKey: Guid(c6c7fc1d974ce48ebbae632386a75fa9) Importer(815301076,1909f56bfc062723c751e8b465ee728b)
Start importing Assets/Art/Animations/Weapons/WeaponMasterAnimationController.controller using Guid(c6c7fc1d974ce48ebbae632386a75fa9) Importer(815301076,1909f56bfc062723c751e8b465ee728b)  -> (artifact id: 'cf55685eb6f6263264455bdf2a8f527d') in 0.006836 seconds 
